<?xml version="1.0" encoding="UTF-8"?>
<testsuite xmlns:xsi="http://www.w3.org/2001/XMLSchema-instance" xsi:noNamespaceSchemaLocation="https://maven.apache.org/surefire/maven-surefire-plugin/xsd/surefire-test-report-3.0.xsd" version="3.0" name="com.globaltrade.ejb.SupplierOrderManagerBeanTest" time="4.428" tests="2" errors="0" skipped="0" failures="0">
  <properties>
[...]
</properties>
  <testcase name="testPlaceRestockOrder_Success" classname="com.globaltrade.ejb.SupplierOrderManagerBeanTest" time="0.437"/>
  <testcase name="testPlaceRestockOrder_VendorOutage" classname="com.globaltrade.ejb.SupplierOrderManagerBeanTest" time="0.056"/>
</testsuite>